[2023-05-03 14:54:48:1100][background-preinit] INFO  o.h.validator.internal.util.Version - HV000001: Hibernate Validator 8.0.0.Final
[2023-05-03 14:54:48:1178][restartedMain] INFO  c.e.f.FlowerPlatformApplication - Starting FlowerPlatformApplication using Java 17.0.2 with PID 29306 (/Users/jeongsang-won/Documents/flower-startup/development/spring/build/classes/java/main started by jeongsang-won in /Users/jeongsang-won/Documents/flower-startup/development/spring)
[2023-05-03 14:54:48:1180][restartedMain] INFO  c.e.f.FlowerPlatformApplication - The following 1 profile is active: "localtest"
[2023-05-03 14:54:49:1273][restartedMain] INFO  o.s.b.d.e.DevToolsPropertyDefaultsPostProcessor - Devtools property defaults active! Set 'spring.devtools.add-properties' to 'false' to disable
[2023-05-03 14:54:49:1273][restartedMain] INFO  o.s.b.d.e.DevToolsPropertyDefaultsPostProcessor - For additional web related logging consider setting the 'logging.level.web' property to 'DEBUG'
[2023-05-03 14:54:51:3341][restartedMain] INFO  o.s.d.r.c.RepositoryConfigurationDelegate - Bootstrapping Spring Data JPA repositories in DEFAULT mode.
[2023-05-03 14:54:51:3490][restartedMain] INFO  o.s.d.r.c.RepositoryConfigurationDelegate - Finished Spring Data repository scanning in 118 ms. Found 4 JPA repository interfaces.
[2023-05-03 14:54:51:4042][restartedMain] INFO  c.u.j.c.EnableEncryptablePropertiesBeanFactoryPostProcessor - Post-processing PropertySource instances
[2023-05-03 14:54:51:4043][restartedMain] INFO  c.u.j.EncryptablePropertySourceConverter - Skipping PropertySource configurationProperties [class org.springframework.boot.context.properties.source.ConfigurationPropertySourcesPropertySource
[2023-05-03 14:54:51:4043][restartedMain] INFO  c.u.j.EncryptablePropertySourceConverter - Skipping PropertySource servletConfigInitParams [class org.springframework.core.env.PropertySource$StubPropertySource
[2023-05-03 14:54:51:4043][restartedMain] INFO  c.u.j.EncryptablePropertySourceConverter - Skipping PropertySource servletContextInitParams [class org.springframework.core.env.PropertySource$StubPropertySource
[2023-05-03 14:54:51:4044][restartedMain] INFO  c.u.j.EncryptablePropertySourceConverter - Converting PropertySource systemProperties [org.springframework.core.env.PropertiesPropertySource] to EncryptableMapPropertySourceWrapper
[2023-05-03 14:54:51:4044][restartedMain] INFO  c.u.j.EncryptablePropertySourceConverter - Converting PropertySource systemEnvironment [org.springframework.boot.env.SystemEnvironmentPropertySourceEnvironmentPostProcessor$OriginAwareSystemEnvironmentPropertySource] to EncryptableSystemEnvironmentPropertySourceWrapper
[2023-05-03 14:54:51:4044][restartedMain] INFO  c.u.j.EncryptablePropertySourceConverter - Converting PropertySource random [org.springframework.boot.env.RandomValuePropertySource] to EncryptablePropertySourceWrapper
[2023-05-03 14:54:51:4044][restartedMain] INFO  c.u.j.EncryptablePropertySourceConverter - Converting PropertySource Config resource 'class path resource [application-localtest.properties]' via location 'optional:classpath:/' [org.springframework.boot.env.OriginTrackedMapPropertySource] to EncryptableMapPropertySourceWrapper
[2023-05-03 14:54:51:4044][restartedMain] INFO  c.u.j.EncryptablePropertySourceConverter - Converting PropertySource Config resource 'class path resource [application.properties]' via location 'optional:classpath:/' [org.springframework.boot.env.OriginTrackedMapPropertySource] to EncryptableMapPropertySourceWrapper
[2023-05-03 14:54:51:4044][restartedMain] INFO  c.u.j.EncryptablePropertySourceConverter - Converting PropertySource devtools [org.springframework.core.env.MapPropertySource] to EncryptableMapPropertySourceWrapper
[2023-05-03 14:54:52:4340][restartedMain] INFO  c.u.j.f.DefaultLazyPropertyFilter - Property Filter custom Bean not found with name 'encryptablePropertyFilter'. Initializing Default Property Filter
[2023-05-03 14:54:52:4354][restartedMain] INFO  c.u.j.r.DefaultLazyPropertyResolver - Property Resolver custom Bean not found with name 'encryptablePropertyResolver'. Initializing Default Property Resolver
[2023-05-03 14:54:52:4358][restartedMain] INFO  c.u.j.d.DefaultLazyPropertyDetector - Property Detector custom Bean not found with name 'encryptablePropertyDetector'. Initializing Default Property Detector
[2023-05-03 14:54:52:4705][restartedMain] INFO  o.s.b.w.e.tomcat.TomcatWebServer - Tomcat initialized with port(s): 80 (http)
[2023-05-03 14:54:52:4719][restartedMain] INFO  o.a.coyote.http11.Http11NioProtocol - Initializing ProtocolHandler ["http-nio-80"]
[2023-05-03 14:54:52:4721][restartedMain] INFO  o.a.catalina.core.StandardService - Starting service [Tomcat]
[2023-05-03 14:54:52:4722][restartedMain] INFO  o.a.catalina.core.StandardEngine - Starting Servlet engine: [Apache Tomcat/10.1.5]
[2023-05-03 14:54:52:4862][restartedMain] INFO  o.a.c.c.C.[Tomcat].[localhost].[/] - Initializing Spring embedded WebApplicationContext
[2023-05-03 14:54:52:4870][restartedMain] INFO  o.s.b.w.s.c.ServletWebServerApplicationContext - Root WebApplicationContext: initialization completed in 3590 ms
[2023-05-03 14:54:52:5046][restartedMain] INFO  com.zaxxer.hikari.HikariDataSource - HikariPool-1 - Starting...
[2023-05-03 14:54:53:5641][restartedMain] INFO  com.zaxxer.hikari.pool.HikariPool - HikariPool-1 - Added connection com.mysql.cj.jdbc.ConnectionImpl@65cc2ea
[2023-05-03 14:54:53:5648][restartedMain] INFO  com.zaxxer.hikari.HikariDataSource - HikariPool-1 - Start completed.
[2023-05-03 14:54:53:5691][restartedMain] INFO  o.s.b.a.h.H2ConsoleAutoConfiguration - H2 console available at '/h2-console'. Database available at 'jdbc:mysql://localhost:3306/flower_platform'
[2023-05-03 14:54:53:6262][restartedMain] INFO  org.hibernate.Version - HHH000412: Hibernate ORM core version 6.1.7.Final
[2023-05-03 14:54:54:6622][restartedMain] INFO  SQL dialect - HHH000400: Using dialect: org.hibernate.dialect.MySQLDialect
[2023-05-03 14:54:55:7747][restartedMain] INFO  o.h.e.t.j.p.i.JtaPlatformInitiator - HHH000490: Using JtaPlatform implementation: [org.hibernate.engine.transaction.jta.platform.internal.NoJtaPlatform]
[2023-05-03 14:54:55:7761][restartedMain] INFO  o.s.o.j.LocalContainerEntityManagerFactoryBean - Initialized JPA EntityManagerFactory for persistence unit 'default'
[2023-05-03 14:54:56:9166][restartedMain] INFO  c.u.j.e.DefaultLazyEncryptor - Found Custom Encryptor Bean org.jasypt.encryption.pbe.PooledPBEStringEncryptor@516053e0 with name: jasyptStringEncryptor
[2023-05-03 14:54:57:9374][restartedMain] INFO  o.s.s.w.DefaultSecurityFilterChain - Will secure any request with [org.springframework.security.web.session.DisableEncodeUrlFilter@4754cd40, org.springframework.security.web.context.request.async.WebAsyncManagerIntegrationFilter@7a1b27ec, org.springframework.security.web.context.SecurityContextHolderFilter@524c06a6, org.springframework.security.web.header.HeaderWriterFilter@1acfa4f7, org.springframework.security.web.authentication.logout.LogoutFilter@5572015e, org.springframework.security.oauth2.client.web.OAuth2AuthorizationRequestRedirectFilter@2b98260c, org.springframework.security.oauth2.client.web.OAuth2LoginAuthenticationFilter@8597d87, com.example.flowerplatform.security.authentication.filter.AuthenticationFilter@5b0cf33, com.example.flowerplatform.security.authorization.JwtAuthorizationExceptionFilter@736d2723, com.example.flowerplatform.security.authorization.JwtAuthorizationFilter@401edc19, org.springframework.security.web.authentication.ui.DefaultLoginPageGeneratingFilter@2d763766, org.springframework.security.web.authentication.ui.DefaultLogoutPageGeneratingFilter@6ed51d58, org.springframework.security.web.savedrequest.RequestCacheAwareFilter@75959c8a, org.springframework.security.web.servletapi.SecurityContextHolderAwareRequestFilter@55a7fbfe, org.springframework.security.web.authentication.AnonymousAuthenticationFilter@3f4737de, org.springframework.security.web.session.SessionManagementFilter@1dc29665, org.springframework.security.web.access.ExceptionTranslationFilter@54ebdea2, org.springframework.security.web.access.intercept.AuthorizationFilter@1c7420d6]
[2023-05-03 14:54:57:10198][restartedMain] INFO  o.s.b.d.a.OptionalLiveReloadServer - LiveReload server is running on port 35729
[2023-05-03 14:54:57:10204][restartedMain] INFO  o.s.b.a.e.web.EndpointLinksResolver - Exposing 14 endpoint(s) beneath base path '/actuator'
[2023-05-03 14:54:58:10298][restartedMain] INFO  o.a.coyote.http11.Http11NioProtocol - Starting ProtocolHandler ["http-nio-80"]
[2023-05-03 14:54:58:10320][restartedMain] INFO  o.s.b.w.e.tomcat.TomcatWebServer - Tomcat started on port(s): 80 (http) with context path ''
[2023-05-03 14:54:58:10324][restartedMain] INFO  c.u.j.c.RefreshScopeRefreshedEventListener - Refreshing cached encryptable property sources on ServletWebServerInitializedEvent
[2023-05-03 14:54:58:10324][restartedMain] INFO  c.u.j.c.CachingDelegateEncryptablePropertySource - Property Source systemProperties refreshed
[2023-05-03 14:54:58:10324][restartedMain] INFO  c.u.j.c.CachingDelegateEncryptablePropertySource - Property Source systemEnvironment refreshed
[2023-05-03 14:54:58:10324][restartedMain] INFO  c.u.j.c.CachingDelegateEncryptablePropertySource - Property Source random refreshed
[2023-05-03 14:54:58:10324][restartedMain] INFO  c.u.j.c.CachingDelegateEncryptablePropertySource - Property Source Config resource 'class path resource [application-localtest.properties]' via location 'optional:classpath:/' refreshed
[2023-05-03 14:54:58:10324][restartedMain] INFO  c.u.j.c.CachingDelegateEncryptablePropertySource - Property Source Config resource 'class path resource [application.properties]' via location 'optional:classpath:/' refreshed
[2023-05-03 14:54:58:10324][restartedMain] INFO  c.u.j.c.CachingDelegateEncryptablePropertySource - Property Source devtools refreshed
[2023-05-03 14:54:58:10324][restartedMain] INFO  c.u.j.EncryptablePropertySourceConverter - Converting PropertySource server.ports [org.springframework.core.env.MapPropertySource] to EncryptableMapPropertySourceWrapper
[2023-05-03 14:54:58:10324][restartedMain] INFO  c.u.j.EncryptablePropertySourceConverter - Skipping PropertySource configurationProperties [class org.springframework.boot.context.properties.source.ConfigurationPropertySourcesPropertySource
[2023-05-03 14:54:58:10324][restartedMain] INFO  c.u.j.EncryptablePropertySourceConverter - Skipping PropertySource servletConfigInitParams [class org.springframework.core.env.PropertySource$StubPropertySource
[2023-05-03 14:54:58:10324][restartedMain] INFO  c.u.j.EncryptablePropertySourceConverter - Converting PropertySource servletContextInitParams [org.springframework.web.context.support.ServletContextPropertySource] to EncryptableEnumerablePropertySourceWrapper
[2023-05-03 14:54:58:10324][restartedMain] INFO  c.u.j.EncryptablePropertySourceConverter - Converting PropertySource Management Server [org.springframework.boot.actuate.autoconfigure.web.server.ManagementContextAutoConfiguration$SameManagementContextConfiguration$1] to EncryptablePropertySourceWrapper
[2023-05-03 14:54:58:10365][restartedMain] INFO  c.e.f.FlowerPlatformApplication - Started FlowerPlatformApplication in 9.993 seconds (process running for 10.608)
[2023-05-03 14:59:47:300177][http-nio-80-exec-2] INFO  o.a.c.c.C.[Tomcat].[localhost].[/] - Initializing Spring DispatcherServlet 'dispatcherServlet'
[2023-05-03 14:59:47:300178][http-nio-80-exec-2] INFO  o.s.web.servlet.DispatcherServlet - Initializing Servlet 'dispatcherServlet'
[2023-05-03 14:59:47:300185][http-nio-80-exec-2] INFO  o.s.web.servlet.DispatcherServlet - Completed initialization in 7 ms
[2023-05-03 15:46:50:3122276][SpringApplicationShutdownHook] INFO  o.s.o.j.LocalContainerEntityManagerFactoryBean - Closing JPA EntityManagerFactory for persistence unit 'default'
[2023-05-03 15:46:50:3122291][SpringApplicationShutdownHook] INFO  com.zaxxer.hikari.HikariDataSource - HikariPool-1 - Shutdown initiated...
[2023-05-03 15:46:50:3122319][SpringApplicationShutdownHook] INFO  com.zaxxer.hikari.HikariDataSource - HikariPool-1 - Shutdown completed.
